<?xml version="1.0" encoding="UTF-8"?>
<testsuite name="ComputerAddTest" tests="1" skipped="0" failures="0" errors="0" timestamp="2020-12-02T19:09:51" hostname="USER-ПК" time="6.277">
  <properties/>
  <testcase name="testAddNewPc" classname="ComputerAddTest" time="6.277"/>
  <system-out><![CDATA[]]></system-out>
  <system-err><![CDATA[Starting ChromeDriver 87.0.4280.20 (c99e81631faa0b2a448e658c0dbd8311fb04ddbd-refs/branch-heads/4280@{#355}) on port 3348
Only local connections are allowed.
Please see https://chromedriver.chromium.org/security-considerations for suggestions on keeping ChromeDriver safe.
ChromeDriver was started successfully.
дек. 02, 2020 8:09:49 PM org.openqa.selenium.remote.ProtocolHandshake createSession
INFO: Detected dialect: W3C
]]></system-err>
</testsuite>
